{
  "stats": {
    "suites": 1,
    "tests": 1,
    "passes": 1,
    "pending": 0,
    "failures": 0,
    "start": "2024-07-10T16:05:12.754Z",
    "end": "2024-07-10T16:05:16.003Z",
    "duration": 3249,
    "testsRegistered": 1,
    "passPercent": 100,
    "pendingPercent": 0,
    "other": 0,
    "hasOther": false,
    "skipped": 0,
    "hasSkipped": false
  },
  "results": [
    {
      "uuid": "8dff518f-675d-44f9-92ef-2ab6b3430b6d",
      "title": "",
      "fullFile": "cypress\\e2e\\cadastro-incorreto.cy.js",
      "file": "cypress\\e2e\\cadastro-incorreto.cy.js",
      "beforeHooks": [],
      "afterHooks": [],
      "tests": [],
      "suites": [
        {
          "uuid": "3d08000e-6fe8-4d29-a2c5-e2ccfd1f2673",
          "title": "Página de cadastro",
          "fullFile": "",
          "file": "",
          "beforeHooks": [],
          "afterHooks": [],
          "tests": [
            {
              "title": "Preencher os campos do formulário incorretamente e exibir mensagens ao usuário",
              "fullTitle": "Página de cadastro Preencher os campos do formulário incorretamente e exibir mensagens ao usuário",
              "timedOut": null,
              "duration": 1508,
              "state": "passed",
              "speed": "fast",
              "pass": true,
              "fail": false,
              "pending": false,
              "context": null,
              "code": "cy.cadastroIncorreto('É necessário informar um endereço de email', 'Crie uma senha', 'Repita a senha criada acima');",
              "err": {},
              "uuid": "06756b56-9705-4081-90dd-375ab08f5398",
              "parentUUID": "3d08000e-6fe8-4d29-a2c5-e2ccfd1f2673",
              "isHook": false,
              "skipped": false
            }
          ],
          "suites": [],
          "passes": [
            "06756b56-9705-4081-90dd-375ab08f5398"
          ],
          "failures": [],
          "pending": [],
          "skipped": [],
          "duration": 1508,
          "root": false,
          "rootEmpty": false,
          "_timeout": 2000
        }
      ],
      "passes": [],
      "failures": [],
      "pending": [],
      "skipped": [],
      "duration": 0,
      "root": true,
      "rootEmpty": true,
      "_timeout": 2000
    }
  ],
  "meta": {
    "mocha": {
      "version": "7.0.1"
    },
    "mochawesome": {
      "options": {
        "quiet": false,
        "reportFilename": "mochawesome",
        "saveHtml": true,
        "saveJson": true,
        "consoleReporter": "spec",
        "useInlineDiffs": false,
        "code": true
      },
      "version": "7.1.3"
    },
    "marge": {
      "options": {
        "reportDir": "cypress/results",
        "overwrite": false,
        "html": true,
        "json": true,
        "timestamp": "mmddyyyy_HHMMss"
      },
      "version": "6.2.0"
    }
  }
}