{
  "stats": {
    "suites": 1,
    "tests": 6,
    "passes": 6,
    "pending": 0,
    "failures": 0,
    "start": "2024-07-10T16:05:18.457Z",
    "end": "2024-07-10T16:05:23.248Z",
    "duration": 4791,
    "testsRegistered": 6,
    "passPercent": 100,
    "pendingPercent": 0,
    "other": 0,
    "hasOther": false,
    "skipped": 0,
    "hasSkipped": false
  },
  "results": [
    {
      "uuid": "5d879451-44e9-4713-92b5-ea328394f4e6",
      "title": "",
      "fullFile": "cypress\\e2e\\lista-de-exercicios.cy.js",
      "file": "cypress\\e2e\\lista-de-exercicios.cy.js",
      "beforeHooks": [],
      "afterHooks": [],
      "tests": [],
      "suites": [
        {
          "uuid": "9c1663ca-18cb-4ec8-9b2b-f75db7d1a069",
          "title": "Teste de páginas no Adopet",
          "fullFile": "",
          "file": "",
          "beforeHooks": [],
          "afterHooks": [],
          "tests": [
            {
              "title": "deve  clicar no botão ‘Ver pets disponíveis para adoção”",
              "fullTitle": "Teste de páginas no Adopet deve  clicar no botão ‘Ver pets disponíveis para adoção”",
              "timedOut": null,
              "duration": 1227,
              "state": "passed",
              "speed": "fast",
              "pass": true,
              "fail": false,
              "pending": false,
              "context": null,
              "code": "cy.get('.button').click();",
              "err": {},
              "uuid": "36390bef-129e-4b2c-9e78-35cfa0f68f16",
              "parentUUID": "9c1663ca-18cb-4ec8-9b2b-f75db7d1a069",
              "isHook": false,
              "skipped": false
            },
            {
              "title": "deve testar os botão de home",
              "fullTitle": "Teste de páginas no Adopet deve testar os botão de home",
              "timedOut": null,
              "duration": 515,
              "state": "passed",
              "speed": "fast",
              "pass": true,
              "fail": false,
              "pending": false,
              "context": null,
              "code": "cy.get('.header__home').click();",
              "err": {},
              "uuid": "aa55f5a6-3336-4cf7-b9ce-5529bab3c89a",
              "parentUUID": "9c1663ca-18cb-4ec8-9b2b-f75db7d1a069",
              "isHook": false,
              "skipped": false
            },
            {
              "title": "Deve testar os botão de mensagens",
              "fullTitle": "Teste de páginas no Adopet Deve testar os botão de mensagens",
              "timedOut": null,
              "duration": 267,
              "state": "passed",
              "speed": "fast",
              "pass": true,
              "fail": false,
              "pending": false,
              "context": null,
              "code": "cy.get('.header__message').click();",
              "err": {},
              "uuid": "1420ce24-f8fd-4c47-ad9c-c0b615eff81f",
              "parentUUID": "9c1663ca-18cb-4ec8-9b2b-f75db7d1a069",
              "isHook": false,
              "skipped": false
            },
            {
              "title": "Visita a página de /login do Adopet",
              "fullTitle": "Teste de páginas no Adopet Visita a página de /login do Adopet",
              "timedOut": null,
              "duration": 418,
              "state": "passed",
              "speed": "fast",
              "pass": true,
              "fail": false,
              "pending": false,
              "context": null,
              "code": "cy.visit('https://adopet-frontend-cypress.vercel.app/login');",
              "err": {},
              "uuid": "a68abebc-bda5-40fd-ac7e-9f91b12ba28b",
              "parentUUID": "9c1663ca-18cb-4ec8-9b2b-f75db7d1a069",
              "isHook": false,
              "skipped": false
            },
            {
              "title": "Visita a página de /home do Adopet",
              "fullTitle": "Teste de páginas no Adopet Visita a página de /home do Adopet",
              "timedOut": null,
              "duration": 366,
              "state": "passed",
              "speed": "fast",
              "pass": true,
              "fail": false,
              "pending": false,
              "context": null,
              "code": "cy.visit('https://adopet-frontend-cypress.vercel.app/home');",
              "err": {},
              "uuid": "97b08c29-a828-4d32-a44a-2261a9a864d0",
              "parentUUID": "9c1663ca-18cb-4ec8-9b2b-f75db7d1a069",
              "isHook": false,
              "skipped": false
            },
            {
              "title": "Visita a página de /home do AdoPet e clique no botão “Falar com o responsável”",
              "fullTitle": "Teste de páginas no Adopet Visita a página de /home do AdoPet e clique no botão “Falar com o responsável”",
              "timedOut": null,
              "duration": 479,
              "state": "passed",
              "speed": "fast",
              "pass": true,
              "fail": false,
              "pending": false,
              "context": null,
              "code": "cy.visit('https://adopet-frontend-cypress.vercel.app/home');\ncy.get('.header__message').click();",
              "err": {},
              "uuid": "b3217db2-1bf0-4c08-b71e-c34ccfb43586",
              "parentUUID": "9c1663ca-18cb-4ec8-9b2b-f75db7d1a069",
              "isHook": false,
              "skipped": false
            }
          ],
          "suites": [],
          "passes": [
            "36390bef-129e-4b2c-9e78-35cfa0f68f16",
            "aa55f5a6-3336-4cf7-b9ce-5529bab3c89a",
            "1420ce24-f8fd-4c47-ad9c-c0b615eff81f",
            "a68abebc-bda5-40fd-ac7e-9f91b12ba28b",
            "97b08c29-a828-4d32-a44a-2261a9a864d0",
            "b3217db2-1bf0-4c08-b71e-c34ccfb43586"
          ],
          "failures": [],
          "pending": [],
          "skipped": [],
          "duration": 3272,
          "root": false,
          "rootEmpty": false,
          "_timeout": 2000
        }
      ],
      "passes": [],
      "failures": [],
      "pending": [],
      "skipped": [],
      "duration": 0,
      "root": true,
      "rootEmpty": true,
      "_timeout": 2000
    }
  ],
  "meta": {
    "mocha": {
      "version": "7.0.1"
    },
    "mochawesome": {
      "options": {
        "quiet": false,
        "reportFilename": "mochawesome",
        "saveHtml": true,
        "saveJson": true,
        "consoleReporter": "spec",
        "useInlineDiffs": false,
        "code": true
      },
      "version": "7.1.3"
    },
    "marge": {
      "options": {
        "reportDir": "cypress/results",
        "overwrite": false,
        "html": true,
        "json": true,
        "timestamp": "mmddyyyy_HHMMss"
      },
      "version": "6.2.0"
    }
  }
}