{
  "stats": {
    "suites": 1,
    "tests": 6,
    "passes": 6,
    "pending": 0,
    "failures": 0,
    "start": "2024-07-10T15:58:38.481Z",
    "end": "2024-07-10T15:58:43.466Z",
    "duration": 4985,
    "testsRegistered": 6,
    "passPercent": 100,
    "pendingPercent": 0,
    "other": 0,
    "hasOther": false,
    "skipped": 0,
    "hasSkipped": false
  },
  "results": [
    {
      "uuid": "018b4b83-9cde-4221-956c-0dd3467f9d0b",
      "title": "",
      "fullFile": "cypress\\e2e\\lista-de-exercicios.cy.js",
      "file": "cypress\\e2e\\lista-de-exercicios.cy.js",
      "beforeHooks": [],
      "afterHooks": [],
      "tests": [],
      "suites": [
        {
          "uuid": "7d113a30-b657-4e9b-b977-c44329c68846",
          "title": "Teste de páginas no Adopet",
          "fullFile": "",
          "file": "",
          "beforeHooks": [],
          "afterHooks": [],
          "tests": [
            {
              "title": "deve  clicar no botão ‘Ver pets disponíveis para adoção”",
              "fullTitle": "Teste de páginas no Adopet deve  clicar no botão ‘Ver pets disponíveis para adoção”",
              "timedOut": null,
              "duration": 1176,
              "state": "passed",
              "speed": "fast",
              "pass": true,
              "fail": false,
              "pending": false,
              "context": null,
              "code": "cy.get('.button').click();",
              "err": {},
              "uuid": "0eb256c8-e5ed-40b8-9c96-2f6efee76027",
              "parentUUID": "7d113a30-b657-4e9b-b977-c44329c68846",
              "isHook": false,
              "skipped": false
            },
            {
              "title": "deve testar os botão de home",
              "fullTitle": "Teste de páginas no Adopet deve testar os botão de home",
              "timedOut": null,
              "duration": 563,
              "state": "passed",
              "speed": "fast",
              "pass": true,
              "fail": false,
              "pending": false,
              "context": null,
              "code": "cy.get('.header__home').click();",
              "err": {},
              "uuid": "83ffa720-6ba0-4d6e-b263-126584260d81",
              "parentUUID": "7d113a30-b657-4e9b-b977-c44329c68846",
              "isHook": false,
              "skipped": false
            },
            {
              "title": "Deve testar os botão de mensagens",
              "fullTitle": "Teste de páginas no Adopet Deve testar os botão de mensagens",
              "timedOut": null,
              "duration": 236,
              "state": "passed",
              "speed": "fast",
              "pass": true,
              "fail": false,
              "pending": false,
              "context": null,
              "code": "cy.get('.header__message').click();",
              "err": {},
              "uuid": "ca3795b9-25c2-4d31-a0ae-f2c6615802db",
              "parentUUID": "7d113a30-b657-4e9b-b977-c44329c68846",
              "isHook": false,
              "skipped": false
            },
            {
              "title": "Visita a página de /login do Adopet",
              "fullTitle": "Teste de páginas no Adopet Visita a página de /login do Adopet",
              "timedOut": null,
              "duration": 362,
              "state": "passed",
              "speed": "fast",
              "pass": true,
              "fail": false,
              "pending": false,
              "context": null,
              "code": "cy.visit('https://adopet-frontend-cypress.vercel.app/login');",
              "err": {},
              "uuid": "37ec0a42-84f6-4186-9692-a80af0aa9691",
              "parentUUID": "7d113a30-b657-4e9b-b977-c44329c68846",
              "isHook": false,
              "skipped": false
            },
            {
              "title": "Visita a página de /home do Adopet",
              "fullTitle": "Teste de páginas no Adopet Visita a página de /home do Adopet",
              "timedOut": null,
              "duration": 366,
              "state": "passed",
              "speed": "fast",
              "pass": true,
              "fail": false,
              "pending": false,
              "context": null,
              "code": "cy.visit('https://adopet-frontend-cypress.vercel.app/home');",
              "err": {},
              "uuid": "596950de-550e-4604-9e9c-5cf47e1be476",
              "parentUUID": "7d113a30-b657-4e9b-b977-c44329c68846",
              "isHook": false,
              "skipped": false
            },
            {
              "title": "Visita a página de /home do AdoPet e clique no botão “Falar com o responsável”",
              "fullTitle": "Teste de páginas no Adopet Visita a página de /home do AdoPet e clique no botão “Falar com o responsável”",
              "timedOut": null,
              "duration": 564,
              "state": "passed",
              "speed": "fast",
              "pass": true,
              "fail": false,
              "pending": false,
              "context": null,
              "code": "cy.visit('https://adopet-frontend-cypress.vercel.app/home');\ncy.get('.header__message').click();",
              "err": {},
              "uuid": "ab480aae-40e3-4e71-b0dc-0b5093cae5fc",
              "parentUUID": "7d113a30-b657-4e9b-b977-c44329c68846",
              "isHook": false,
              "skipped": false
            }
          ],
          "suites": [],
          "passes": [
            "0eb256c8-e5ed-40b8-9c96-2f6efee76027",
            "83ffa720-6ba0-4d6e-b263-126584260d81",
            "ca3795b9-25c2-4d31-a0ae-f2c6615802db",
            "37ec0a42-84f6-4186-9692-a80af0aa9691",
            "596950de-550e-4604-9e9c-5cf47e1be476",
            "ab480aae-40e3-4e71-b0dc-0b5093cae5fc"
          ],
          "failures": [],
          "pending": [],
          "skipped": [],
          "duration": 3267,
          "root": false,
          "rootEmpty": false,
          "_timeout": 2000
        }
      ],
      "passes": [],
      "failures": [],
      "pending": [],
      "skipped": [],
      "duration": 0,
      "root": true,
      "rootEmpty": true,
      "_timeout": 2000
    }
  ],
  "meta": {
    "mocha": {
      "version": "7.0.1"
    },
    "mochawesome": {
      "options": {
        "quiet": false,
        "reportFilename": "mochawesome",
        "saveHtml": true,
        "saveJson": true,
        "consoleReporter": "spec",
        "useInlineDiffs": false,
        "code": true
      },
      "version": "7.1.3"
    },
    "marge": {
      "options": {
        "reportDir": "cypress/results",
        "overwrite": false,
        "html": true,
        "json": true,
        "timestamp": "mmddyyyy_HHMMss"
      },
      "version": "6.2.0"
    }
  }
}